Thu Oct 13 09:48:41 CST 2016
Thu Oct 13 09:51:55 CST 2016
Thu Oct 13 09:52:44 CST 2016
Thu Oct 13 09:54:09 CST 2016
Thu Oct 13 09:56:01 CST 2016
Thu Oct 13 10:01:01 CST 2016
Fri Oct 14 00:01:01 CST 2016
Sat Oct 15 00:01:02 CST 2016
Sun Oct 16 00:01:01 CST 2016
Mon Oct 17 00:01:01 CST 2016
Tue Oct 18 00:01:01 CST 2016
Wed Oct 19 00:01:01 CST 2016
Thu Oct 20 00:01:01 CST 2016
Fri Oct 21 00:01:01 CST 2016
Sat Oct 22 00:01:02 CST 2016
Sun Oct 23 00:01:01 CST 2016
Mon Oct 24 00:01:01 CST 2016
Tue Oct 25 00:01:01 CST 2016
Wed Oct 26 00:01:01 CST 2016
Thu Oct 27 00:01:01 CST 2016
Fri Oct 28 00:01:01 CST 2016
Sat Oct 29 00:01:01 CST 2016
Sun Oct 30 00:01:01 CST 2016
Mon Oct 31 00:01:01 CST 2016
Tue Nov 1 00:01:01 CST 2016
